[2024-10-26 15:15:14] local.ERROR: Call to undefined method App\Models\League::mapInto() {"exception":"[object] (BadMethodCallException(code: 0): Call to undefined method App\\Models\\League::mapInto() at /Users/omerfarukermis/Desktop/Insider/champions_league/champions-league/vendor/laravel/framework/src/Illuminate/Support/Traits/ForwardsCalls.php:67)
[stacktrace]
#0 /Users/omerfarukermis/Desktop/Insider/champions_league/champions-league/vendor/laravel/framework/src/Illuminate/Support/Traits/ForwardsCalls.php(36): Illuminate\\Database\\Eloquent\\Model::throwBadMethodCallException('mapInto')
#1 /Users/omerfarukermis/Desktop/Insider/champions_league/champions-league/vendor/laravel/framework/src/Illuminate/Database/Eloquent/Model.php(2334): Illuminate\\Database\\Eloquent\\Model->forwardCallTo(Object(Illuminate\\Database\\Eloquent\\Builder), 'mapInto', Array)
#2 /Users/omerfarukermis/Desktop/Insider/champions_league/champions-league/vendor/laravel/framework/src/Illuminate/Http/Resources/CollectsResources.php(35): Illuminate\\Database\\Eloquent\\Model->__call('mapInto', Array)
#3 /Users/omerfarukermis/Desktop/Insider/champions_league/champions-league/vendor/laravel/framework/src/Illuminate/Http/Resources/Json/ResourceCollection.php(54): Illuminate\\Http\\Resources\\Json\\ResourceCollection->collectResource(Object(App\\Models\\League))
#4 /Users/omerfarukermis/Desktop/Insider/champions_league/champions-league/vendor/laravel/framework/src/Illuminate/Http/Resources/Json/AnonymousResourceCollection.php(32): Illuminate\\Http\\Resources\\Json\\ResourceCollection->__construct(Object(App\\Models\\League))
#5 /Users/omerfarukermis/Desktop/Insider/champions_league/champions-league/vendor/laravel/framework/src/Illuminate/Http/Resources/Json/JsonResource.php(96): Illuminate\\Http\\Resources\\Json\\AnonymousResourceCollection->__construct(Object(App\\Models\\League), 'App\\\\Http\\\\Resour...')
#6 /Users/omerfarukermis/Desktop/Insider/champions_league/champions-league/vendor/laravel/framework/src/Illuminate/Http/Resources/Json/JsonResource.php(81): Illuminate\\Http\\Resources\\Json\\JsonResource::newCollection(Object(App\\Models\\League))
#7 /Users/omerfarukermis/Desktop/Insider/champions_league/champions-league/app/Http/Resources/Fixture/FixtureResource.php(32): Illuminate\\Http\\Resources\\Json\\JsonResource::collection(Object(App\\Models\\League))
#8 /Users/omerfarukermis/Desktop/Insider/champions_league/champions-league/vendor/laravel/framework/src/Illuminate/Http/Resources/Json/JsonResource.php(107): App\\Http\\Resources\\Fixture\\FixtureResource->toArray(Object(Illuminate\\Http\\Request))
#9 /Users/omerfarukermis/Desktop/Insider/champions_league/champions-league/vendor/laravel/framework/src/Illuminate/Http/Resources/Json/JsonResource.php(254): Illuminate\\Http\\Resources\\Json\\JsonResource->resolve(Object(Illuminate\\Http\\Request))
#10 [internal function]: Illuminate\\Http\\Resources\\Json\\JsonResource->jsonSerialize()
#11 /Users/omerfarukermis/Desktop/Insider/champions_league/champions-league/vendor/laravel/framework/src/Illuminate/Http/JsonResponse.php(84): json_encode(Array, 0)
#12 /Users/omerfarukermis/Desktop/Insider/champions_league/champions-league/vendor/symfony/http-foundation/JsonResponse.php(49): Illuminate\\Http\\JsonResponse->setData(Array)
#13 /Users/omerfarukermis/Desktop/Insider/champions_league/champions-league/vendor/laravel/framework/src/Illuminate/Http/JsonResponse.php(32): Symfony\\Component\\HttpFoundation\\JsonResponse->__construct(Array, 200, Array, false)
#14 /Users/omerfarukermis/Desktop/Insider/champions_league/champions-league/vendor/laravel/framework/src/Illuminate/Routing/ResponseFactory.php(102): Illuminate\\Http\\JsonResponse->__construct(Array, 200, Array, 0)
#15 /Users/omerfarukermis/Desktop/Insider/champions_league/champions-league/vendor/laravel/framework/src/Illuminate/Http/Resources/Json/ResourceResponse.php(37): Illuminate\\Routing\\ResponseFactory->json(Array, 200, Array, 0)
#16 /Users/omerfarukermis/Desktop/Insider/champions_league/champions-league/vendor/laravel/framework/src/Illuminate/Http/Resources/Json/JsonResource.php(244): Illuminate\\Http\\Resources\\Json\\ResourceResponse->toResponse(Object(Illuminate\\Http\\Request))
#17 /Users/omerfarukermis/Desktop/Insider/champions_league/champions-league/vendor/laravel/framework/src/Illuminate/Http/Resources/Json/ResourceCollection.php(117): Illuminate\\Http\\Resources\\Json\\JsonResource->toResponse(Object(Illuminate\\Http\\Request))
#18 /Users/omerfarukermis/Desktop/Insider/champions_league/champions-league/vendor/laravel/framework/src/Illuminate/Routing/Router.php(900): Illuminate\\Http\\Resources\\Json\\ResourceCollection->toResponse(Object(Illuminate\\Http\\Request))
#19 /Users/omerfarukermis/Desktop/Insider/champions_league/champions-league/vendor/laravel/framework/src/Illuminate/Routing/Router.php(885): Illuminate\\Routing\\Router::toResponse(Object(Illuminate\\Http\\Request), Object(App\\Http\\Resources\\Fixture\\FixtureCollection))
#20 /Users/omerfarukermis/Desktop/Insider/champions_league/champions-league/vendor/laravel/framework/src/Illuminate/Routing/Router.php(805): Illuminate\\Routing\\Router->prepareResponse(Object(Illuminate\\Http\\Request), Object(App\\Http\\Resources\\Fixture\\FixtureCollection))
#21 /Users/omerfarukermis/Desktop/Insider/champions_league/champions-league/vendor/laravel/framework/src/Illuminate/Pipeline/Pipeline.php(144): Illuminate\\Routing\\Router->Illuminate\\Routing\\{closure}(Object(Illuminate\\Http\\Request))
#22 /Users/omerfarukermis/Desktop/Insider/champions_league/champions-league/vendor/laravel/framework/src/Illuminate/Routing/Middleware/SubstituteBindings.php(50): Illuminate\\Pipeline\\Pipeline->Illuminate\\Pipeline\\{closure}(Object(Illuminate\\Http\\Request))
#23 /Users/omerfarukermis/Desktop/Insider/champions_league/champions-league/vendor/laravel/framework/src/Illuminate/Pipeline/Pipeline.php(183): Illuminate\\Routing\\Middleware\\SubstituteBindings->handle(Object(Illuminate\\Http\\Request), Object(Closure))
#24 /Users/omerfarukermis/Desktop/Insider/champions_league/champions-league/vendor/laravel/framework/src/Illuminate/Routing/Middleware/ThrottleRequests.php(159): Illuminate\\Pipeline\\Pipeline->Illuminate\\Pipeline\\{closure}(Object(Illuminate\\Http\\Request))
#25 /Users/omerfarukermis/Desktop/Insider/champions_league/champions-league/vendor/laravel/framework/src/Illuminate/Routing/Middleware/ThrottleRequests.php(125): Illuminate\\Routing\\Middleware\\ThrottleRequests->handleRequest(Object(Illuminate\\Http\\Request), Object(Closure), Array)
#26 /Users/omerfarukermis/Desktop/Insider/champions_league/champions-league/vendor/laravel/framework/src/Illuminate/Routing/Middleware/ThrottleRequests.php(87): Illuminate\\Routing\\Middleware\\ThrottleRequests->handleRequestUsingNamedLimiter(Object(Illuminate\\Http\\Request), Object(Closure), 'api', Object(Closure))
#27 /Users/omerfarukermis/Desktop/Insider/champions_league/champions-league/vendor/laravel/framework/src/Illuminate/Pipeline/Pipeline.php(183): Illuminate\\Routing\\Middleware\\ThrottleRequests->handle(Object(Illuminate\\Http\\Request), Object(Closure), 'api')
#28 /Users/omerfarukermis/Desktop/Insider/champions_league/champions-league/vendor/laravel/framework/src/Illuminate/Pipeline/Pipeline.php(119): Illuminate\\Pipeline\\Pipeline->Illuminate\\Pipeline\\{closure}(Object(Illuminate\\Http\\Request))
#29 /Users/omerfarukermis/Desktop/Insider/champions_league/champions-league/vendor/laravel/framework/src/Illuminate/Routing/Router.php(805): Illuminate\\Pipeline\\Pipeline->then(Object(Closure))
#30 /Users/omerfarukermis/Desktop/Insider/champions_league/champions-league/vendor/laravel/framework/src/Illuminate/Routing/Router.php(784): Illuminate\\Routing\\Router->runRouteWithinStack(Object(Illuminate\\Routing\\Route), Object(Illuminate\\Http\\Request))
#31 /Users/omerfarukermis/Desktop/Insider/champions_league/champions-league/vendor/laravel/framework/src/Illuminate/Routing/Router.php(748): Illuminate\\Routing\\Router->runRoute(Object(Illuminate\\Http\\Request), Object(Illuminate\\Routing\\Route))
#32 /Users/omerfarukermis/Desktop/Insider/champions_league/champions-league/vendor/laravel/framework/src/Illuminate/Routing/Router.php(737): Illuminate\\Routing\\Router->dispatchToRoute(Object(Illuminate\\Http\\Request))
#33 /Users/omerfarukermis/Desktop/Insider/champions_league/champions-league/vendor/laravel/framework/src/Illuminate/Foundation/Http/Kernel.php(200): Illuminate\\Routing\\Router->dispatch(Object(Illuminate\\Http\\Request))
#34 /Users/omerfarukermis/Desktop/Insider/champions_league/champions-league/vendor/laravel/framework/src/Illuminate/Pipeline/Pipeline.php(144): Illuminate\\Foundation\\Http\\Kernel->Illuminate\\Foundation\\Http\\{closure}(Object(Illuminate\\Http\\Request))
#35 /Users/omerfarukermis/Desktop/Insider/champions_league/champions-league/vendor/laravel/framework/src/Illuminate/Foundation/Http/Middleware/TransformsRequest.php(21): Illuminate\\Pipeline\\Pipeline->Illuminate\\Pipeline\\{closure}(Object(Illuminate\\Http\\Request))
#36 /Users/omerfarukermis/Desktop/Insider/champions_league/champions-league/vendor/laravel/framework/src/Illuminate/Foundation/Http/Middleware/ConvertEmptyStringsToNull.php(31): Illuminate\\Foundation\\Http\\Middleware\\TransformsRequest->handle(Object(Illuminate\\Http\\Request), Object(Closure))
#37 /Users/omerfarukermis/Desktop/Insider/champions_league/champions-league/vendor/laravel/framework/src/Illuminate/Pipeline/Pipeline.php(183): Illuminate\\Foundation\\Http\\Middleware\\ConvertEmptyStringsToNull->handle(Object(Illuminate\\Http\\Request), Object(Closure))
#38 /Users/omerfarukermis/Desktop/Insider/champions_league/champions-league/vendor/laravel/framework/src/Illuminate/Foundation/Http/Middleware/TransformsRequest.php(21): Illuminate\\Pipeline\\Pipeline->Illuminate\\Pipeline\\{closure}(Object(Illuminate\\Http\\Request))
#39 /Users/omerfarukermis/Desktop/Insider/champions_league/champions-league/vendor/laravel/framework/src/Illuminate/Foundation/Http/Middleware/TrimStrings.php(40): Illuminate\\Foundation\\Http\\Middleware\\TransformsRequest->handle(Object(Illuminate\\Http\\Request), Object(Closure))
#40 /Users/omerfarukermis/Desktop/Insider/champions_league/champions-league/vendor/laravel/framework/src/Illuminate/Pipeline/Pipeline.php(183): Illuminate\\Foundation\\Http\\Middleware\\TrimStrings->handle(Object(Illuminate\\Http\\Request), Object(Closure))
#41 /Users/omerfarukermis/Desktop/Insider/champions_league/champions-league/vendor/laravel/framework/src/Illuminate/Foundation/Http/Middleware/ValidatePostSize.php(27): Illuminate\\Pipeline\\Pipeline->Illuminate\\Pipeline\\{closure}(Object(Illuminate\\Http\\Request))
#42 /Users/omerfarukermis/Desktop/Insider/champions_league/champions-league/vendor/laravel/framework/src/Illuminate/Pipeline/Pipeline.php(183): Illuminate\\Foundation\\Http\\Middleware\\ValidatePostSize->handle(Object(Illuminate\\Http\\Request), Object(Closure))
#43 /Users/omerfarukermis/Desktop/Insider/champions_league/champions-league/vendor/laravel/framework/src/Illuminate/Foundation/Http/Middleware/PreventRequestsDuringMaintenance.php(99): Illuminate\\Pipeline\\Pipeline->Illuminate\\Pipeline\\{closure}(Object(Illuminate\\Http\\Request))
#44 /Users/omerfarukermis/Desktop/Insider/champions_league/champions-league/vendor/laravel/framework/src/Illuminate/Pipeline/Pipeline.php(183): Illuminate\\Foundation\\Http\\Middleware\\PreventRequestsDuringMaintenance->handle(Object(Illuminate\\Http\\Request), Object(Closure))
#45 /Users/omerfarukermis/Desktop/Insider/champions_league/champions-league/vendor/laravel/framework/src/Illuminate/Http/Middleware/HandleCors.php(62): Illuminate\\Pipeline\\Pipeline->Illuminate\\Pipeline\\{closure}(Object(Illuminate\\Http\\Request))
#46 /Users/omerfarukermis/Desktop/Insider/champions_league/champions-league/vendor/laravel/framework/src/Illuminate/Pipeline/Pipeline.php(183): Illuminate\\Http\\Middleware\\HandleCors->handle(Object(Illuminate\\Http\\Request), Object(Closure))
#47 /Users/omerfarukermis/Desktop/Insider/champions_league/champions-league/vendor/laravel/framework/src/Illuminate/Http/Middleware/TrustProxies.php(39): Illuminate\\Pipeline\\Pipeline->Illuminate\\Pipeline\\{closure}(Object(Illuminate\\Http\\Request))
#48 /Users/omerfarukermis/Desktop/Insider/champions_league/champions-league/vendor/laravel/framework/src/Illuminate/Pipeline/Pipeline.php(183): Illuminate\\Http\\Middleware\\TrustProxies->handle(Object(Illuminate\\Http\\Request), Object(Closure))
#49 /Users/omerfarukermis/Desktop/Insider/champions_league/champions-league/vendor/laravel/framework/src/Illuminate/Pipeline/Pipeline.php(119): Illuminate\\Pipeline\\Pipeline->Illuminate\\Pipeline\\{closure}(Object(Illuminate\\Http\\Request))
#50 /Users/omerfarukermis/Desktop/Insider/champions_league/champions-league/vendor/laravel/framework/src/Illuminate/Foundation/Http/Kernel.php(175): Illuminate\\Pipeline\\Pipeline->then(Object(Closure))
#51 /Users/omerfarukermis/Desktop/Insider/champions_league/champions-league/vendor/laravel/framework/src/Illuminate/Foundation/Http/Kernel.php(144): Illuminate\\Foundation\\Http\\Kernel->sendRequestThroughRouter(Object(Illuminate\\Http\\Request))
#52 /Users/omerfarukermis/Desktop/Insider/champions_league/champions-league/public/index.php(51): Illuminate\\Foundation\\Http\\Kernel->handle(Object(Illuminate\\Http\\Request))
#53 /Users/omerfarukermis/Desktop/Insider/champions_league/champions-league/vendor/laravel/framework/src/Illuminate/Foundation/resources/server.php(16): require_once('/Users/omerfaru...')
#54 {main}
"} 
[2024-10-26 15:15:14] local.ERROR: Call to undefined method App\Models\League::mapInto() {"exception":"[object] (BadMethodCallException(code: 0): Call to undefined method App\\Models\\League::mapInto() at /Users/omerfarukermis/Desktop/Insider/champions_league/champions-league/vendor/laravel/framework/src/Illuminate/Support/Traits/ForwardsCalls.php:67)
[stacktrace]
#0 /Users/omerfarukermis/Desktop/Insider/champions_league/champions-league/vendor/laravel/framework/src/Illuminate/Support/Traits/ForwardsCalls.php(36): Illuminate\\Database\\Eloquent\\Model::throwBadMethodCallException('mapInto')
#1 /Users/omerfarukermis/Desktop/Insider/champions_league/champions-league/vendor/laravel/framework/src/Illuminate/Database/Eloquent/Model.php(2334): Illuminate\\Database\\Eloquent\\Model->forwardCallTo(Object(Illuminate\\Database\\Eloquent\\Builder), 'mapInto', Array)
#2 /Users/omerfarukermis/Desktop/Insider/champions_league/champions-league/vendor/laravel/framework/src/Illuminate/Http/Resources/CollectsResources.php(35): Illuminate\\Database\\Eloquent\\Model->__call('mapInto', Array)
#3 /Users/omerfarukermis/Desktop/Insider/champions_league/champions-league/vendor/laravel/framework/src/Illuminate/Http/Resources/Json/ResourceCollection.php(54): Illuminate\\Http\\Resources\\Json\\ResourceCollection->collectResource(Object(App\\Models\\League))
#4 /Users/omerfarukermis/Desktop/Insider/champions_league/champions-league/vendor/laravel/framework/src/Illuminate/Http/Resources/Json/AnonymousResourceCollection.php(32): Illuminate\\Http\\Resources\\Json\\ResourceCollection->__construct(Object(App\\Models\\League))
#5 /Users/omerfarukermis/Desktop/Insider/champions_league/champions-league/vendor/laravel/framework/src/Illuminate/Http/Resources/Json/JsonResource.php(96): Illuminate\\Http\\Resources\\Json\\AnonymousResourceCollection->__construct(Object(App\\Models\\League), 'App\\\\Http\\\\Resour...')
#6 /Users/omerfarukermis/Desktop/Insider/champions_league/champions-league/vendor/laravel/framework/src/Illuminate/Http/Resources/Json/JsonResource.php(81): Illuminate\\Http\\Resources\\Json\\JsonResource::newCollection(Object(App\\Models\\League))
#7 /Users/omerfarukermis/Desktop/Insider/champions_league/champions-league/app/Http/Resources/Fixture/FixtureResource.php(32): Illuminate\\Http\\Resources\\Json\\JsonResource::collection(Object(App\\Models\\League))
#8 /Users/omerfarukermis/Desktop/Insider/champions_league/champions-league/vendor/laravel/framework/src/Illuminate/Http/Resources/Json/JsonResource.php(107): App\\Http\\Resources\\Fixture\\FixtureResource->toArray(Object(Illuminate\\Http\\Request))
#9 /Users/omerfarukermis/Desktop/Insider/champions_league/champions-league/vendor/laravel/framework/src/Illuminate/Http/Resources/Json/JsonResource.php(254): Illuminate\\Http\\Resources\\Json\\JsonResource->resolve(Object(Illuminate\\Http\\Request))
#10 [internal function]: Illuminate\\Http\\Resources\\Json\\JsonResource->jsonSerialize()
#11 /Users/omerfarukermis/Desktop/Insider/champions_league/champions-league/vendor/laravel/framework/src/Illuminate/Http/JsonResponse.php(84): json_encode(Array, 0)
#12 /Users/omerfarukermis/Desktop/Insider/champions_league/champions-league/vendor/symfony/http-foundation/JsonResponse.php(49): Illuminate\\Http\\JsonResponse->setData(Array)
#13 /Users/omerfarukermis/Desktop/Insider/champions_league/champions-league/vendor/laravel/framework/src/Illuminate/Http/JsonResponse.php(32): Symfony\\Component\\HttpFoundation\\JsonResponse->__construct(Array, 200, Array, false)
#14 /Users/omerfarukermis/Desktop/Insider/champions_league/champions-league/vendor/laravel/framework/src/Illuminate/Routing/ResponseFactory.php(102): Illuminate\\Http\\JsonResponse->__construct(Array, 200, Array, 0)
#15 /Users/omerfarukermis/Desktop/Insider/champions_league/champions-league/vendor/laravel/framework/src/Illuminate/Http/Resources/Json/ResourceResponse.php(37): Illuminate\\Routing\\ResponseFactory->json(Array, 200, Array, 0)
#16 /Users/omerfarukermis/Desktop/Insider/champions_league/champions-league/vendor/laravel/framework/src/Illuminate/Http/Resources/Json/JsonResource.php(244): Illuminate\\Http\\Resources\\Json\\ResourceResponse->toResponse(Object(Illuminate\\Http\\Request))
#17 /Users/omerfarukermis/Desktop/Insider/champions_league/champions-league/vendor/laravel/framework/src/Illuminate/Http/Resources/Json/ResourceCollection.php(117): Illuminate\\Http\\Resources\\Json\\JsonResource->toResponse(Object(Illuminate\\Http\\Request))
#18 /Users/omerfarukermis/Desktop/Insider/champions_league/champions-league/vendor/laravel/framework/src/Illuminate/Routing/Router.php(900): Illuminate\\Http\\Resources\\Json\\ResourceCollection->toResponse(Object(Illuminate\\Http\\Request))
#19 /Users/omerfarukermis/Desktop/Insider/champions_league/champions-league/vendor/laravel/framework/src/Illuminate/Routing/Router.php(885): Illuminate\\Routing\\Router::toResponse(Object(Illuminate\\Http\\Request), Object(App\\Http\\Resources\\Fixture\\FixtureCollection))
#20 /Users/omerfarukermis/Desktop/Insider/champions_league/champions-league/vendor/laravel/framework/src/Illuminate/Routing/Router.php(805): Illuminate\\Routing\\Router->prepareResponse(Object(Illuminate\\Http\\Request), Object(App\\Http\\Resources\\Fixture\\FixtureCollection))
#21 /Users/omerfarukermis/Desktop/Insider/champions_league/champions-league/vendor/laravel/framework/src/Illuminate/Pipeline/Pipeline.php(144): Illuminate\\Routing\\Router->Illuminate\\Routing\\{closure}(Object(Illuminate\\Http\\Request))
#22 /Users/omerfarukermis/Desktop/Insider/champions_league/champions-league/vendor/laravel/framework/src/Illuminate/Routing/Middleware/SubstituteBindings.php(50): Illuminate\\Pipeline\\Pipeline->Illuminate\\Pipeline\\{closure}(Object(Illuminate\\Http\\Request))
#23 /Users/omerfarukermis/Desktop/Insider/champions_league/champions-league/vendor/laravel/framework/src/Illuminate/Pipeline/Pipeline.php(183): Illuminate\\Routing\\Middleware\\SubstituteBindings->handle(Object(Illuminate\\Http\\Request), Object(Closure))
#24 /Users/omerfarukermis/Desktop/Insider/champions_league/champions-league/vendor/laravel/framework/src/Illuminate/Routing/Middleware/ThrottleRequests.php(159): Illuminate\\Pipeline\\Pipeline->Illuminate\\Pipeline\\{closure}(Object(Illuminate\\Http\\Request))
#25 /Users/omerfarukermis/Desktop/Insider/champions_league/champions-league/vendor/laravel/framework/src/Illuminate/Routing/Middleware/ThrottleRequests.php(125): Illuminate\\Routing\\Middleware\\ThrottleRequests->handleRequest(Object(Illuminate\\Http\\Request), Object(Closure), Array)
#26 /Users/omerfarukermis/Desktop/Insider/champions_league/champions-league/vendor/laravel/framework/src/Illuminate/Routing/Middleware/ThrottleRequests.php(87): Illuminate\\Routing\\Middleware\\ThrottleRequests->handleRequestUsingNamedLimiter(Object(Illuminate\\Http\\Request), Object(Closure), 'api', Object(Closure))
#27 /Users/omerfarukermis/Desktop/Insider/champions_league/champions-league/vendor/laravel/framework/src/Illuminate/Pipeline/Pipeline.php(183): Illuminate\\Routing\\Middleware\\ThrottleRequests->handle(Object(Illuminate\\Http\\Request), Object(Closure), 'api')
#28 /Users/omerfarukermis/Desktop/Insider/champions_league/champions-league/vendor/laravel/framework/src/Illuminate/Pipeline/Pipeline.php(119): Illuminate\\Pipeline\\Pipeline->Illuminate\\Pipeline\\{closure}(Object(Illuminate\\Http\\Request))
#29 /Users/omerfarukermis/Desktop/Insider/champions_league/champions-league/vendor/laravel/framework/src/Illuminate/Routing/Router.php(805): Illuminate\\Pipeline\\Pipeline->then(Object(Closure))
#30 /Users/omerfarukermis/Desktop/Insider/champions_league/champions-league/vendor/laravel/framework/src/Illuminate/Routing/Router.php(784): Illuminate\\Routing\\Router->runRouteWithinStack(Object(Illuminate\\Routing\\Route), Object(Illuminate\\Http\\Request))
#31 /Users/omerfarukermis/Desktop/Insider/champions_league/champions-league/vendor/laravel/framework/src/Illuminate/Routing/Router.php(748): Illuminate\\Routing\\Router->runRoute(Object(Illuminate\\Http\\Request), Object(Illuminate\\Routing\\Route))
#32 /Users/omerfarukermis/Desktop/Insider/champions_league/champions-league/vendor/laravel/framework/src/Illuminate/Routing/Router.php(737): Illuminate\\Routing\\Router->dispatchToRoute(Object(Illuminate\\Http\\Request))
#33 /Users/omerfarukermis/Desktop/Insider/champions_league/champions-league/vendor/laravel/framework/src/Illuminate/Foundation/Http/Kernel.php(200): Illuminate\\Routing\\Router->dispatch(Object(Illuminate\\Http\\Request))
#34 /Users/omerfarukermis/Desktop/Insider/champions_league/champions-league/vendor/laravel/framework/src/Illuminate/Pipeline/Pipeline.php(144): Illuminate\\Foundation\\Http\\Kernel->Illuminate\\Foundation\\Http\\{closure}(Object(Illuminate\\Http\\Request))
#35 /Users/omerfarukermis/Desktop/Insider/champions_league/champions-league/vendor/laravel/framework/src/Illuminate/Foundation/Http/Middleware/TransformsRequest.php(21): Illuminate\\Pipeline\\Pipeline->Illuminate\\Pipeline\\{closure}(Object(Illuminate\\Http\\Request))
#36 /Users/omerfarukermis/Desktop/Insider/champions_league/champions-league/vendor/laravel/framework/src/Illuminate/Foundation/Http/Middleware/ConvertEmptyStringsToNull.php(31): Illuminate\\Foundation\\Http\\Middleware\\TransformsRequest->handle(Object(Illuminate\\Http\\Request), Object(Closure))
#37 /Users/omerfarukermis/Desktop/Insider/champions_league/champions-league/vendor/laravel/framework/src/Illuminate/Pipeline/Pipeline.php(183): Illuminate\\Foundation\\Http\\Middleware\\ConvertEmptyStringsToNull->handle(Object(Illuminate\\Http\\Request), Object(Closure))
#38 /Users/omerfarukermis/Desktop/Insider/champions_league/champions-league/vendor/laravel/framework/src/Illuminate/Foundation/Http/Middleware/TransformsRequest.php(21): Illuminate\\Pipeline\\Pipeline->Illuminate\\Pipeline\\{closure}(Object(Illuminate\\Http\\Request))
#39 /Users/omerfarukermis/Desktop/Insider/champions_league/champions-league/vendor/laravel/framework/src/Illuminate/Foundation/Http/Middleware/TrimStrings.php(40): Illuminate\\Foundation\\Http\\Middleware\\TransformsRequest->handle(Object(Illuminate\\Http\\Request), Object(Closure))
#40 /Users/omerfarukermis/Desktop/Insider/champions_league/champions-league/vendor/laravel/framework/src/Illuminate/Pipeline/Pipeline.php(183): Illuminate\\Foundation\\Http\\Middleware\\TrimStrings->handle(Object(Illuminate\\Http\\Request), Object(Closure))
#41 /Users/omerfarukermis/Desktop/Insider/champions_league/champions-league/vendor/laravel/framework/src/Illuminate/Foundation/Http/Middleware/ValidatePostSize.php(27): Illuminate\\Pipeline\\Pipeline->Illuminate\\Pipeline\\{closure}(Object(Illuminate\\Http\\Request))
#42 /Users/omerfarukermis/Desktop/Insider/champions_league/champions-league/vendor/laravel/framework/src/Illuminate/Pipeline/Pipeline.php(183): Illuminate\\Foundation\\Http\\Middleware\\ValidatePostSize->handle(Object(Illuminate\\Http\\Request), Object(Closure))
#43 /Users/omerfarukermis/Desktop/Insider/champions_league/champions-league/vendor/laravel/framework/src/Illuminate/Foundation/Http/Middleware/PreventRequestsDuringMaintenance.php(99): Illuminate\\Pipeline\\Pipeline->Illuminate\\Pipeline\\{closure}(Object(Illuminate\\Http\\Request))
#44 /Users/omerfarukermis/Desktop/Insider/champions_league/champions-league/vendor/laravel/framework/src/Illuminate/Pipeline/Pipeline.php(183): Illuminate\\Foundation\\Http\\Middleware\\PreventRequestsDuringMaintenance->handle(Object(Illuminate\\Http\\Request), Object(Closure))
#45 /Users/omerfarukermis/Desktop/Insider/champions_league/champions-league/vendor/laravel/framework/src/Illuminate/Http/Middleware/HandleCors.php(62): Illuminate\\Pipeline\\Pipeline->Illuminate\\Pipeline\\{closure}(Object(Illuminate\\Http\\Request))
#46 /Users/omerfarukermis/Desktop/Insider/champions_league/champions-league/vendor/laravel/framework/src/Illuminate/Pipeline/Pipeline.php(183): Illuminate\\Http\\Middleware\\HandleCors->handle(Object(Illuminate\\Http\\Request), Object(Closure))
#47 /Users/omerfarukermis/Desktop/Insider/champions_league/champions-league/vendor/laravel/framework/src/Illuminate/Http/Middleware/TrustProxies.php(39): Illuminate\\Pipeline\\Pipeline->Illuminate\\Pipeline\\{closure}(Object(Illuminate\\Http\\Request))
#48 /Users/omerfarukermis/Desktop/Insider/champions_league/champions-league/vendor/laravel/framework/src/Illuminate/Pipeline/Pipeline.php(183): Illuminate\\Http\\Middleware\\TrustProxies->handle(Object(Illuminate\\Http\\Request), Object(Closure))
#49 /Users/omerfarukermis/Desktop/Insider/champions_league/champions-league/vendor/laravel/framework/src/Illuminate/Pipeline/Pipeline.php(119): Illuminate\\Pipeline\\Pipeline->Illuminate\\Pipeline\\{closure}(Object(Illuminate\\Http\\Request))
#50 /Users/omerfarukermis/Desktop/Insider/champions_league/champions-league/vendor/laravel/framework/src/Illuminate/Foundation/Http/Kernel.php(175): Illuminate\\Pipeline\\Pipeline->then(Object(Closure))
#51 /Users/omerfarukermis/Desktop/Insider/champions_league/champions-league/vendor/laravel/framework/src/Illuminate/Foundation/Http/Kernel.php(144): Illuminate\\Foundation\\Http\\Kernel->sendRequestThroughRouter(Object(Illuminate\\Http\\Request))
#52 /Users/omerfarukermis/Desktop/Insider/champions_league/champions-league/public/index.php(51): Illuminate\\Foundation\\Http\\Kernel->handle(Object(Illuminate\\Http\\Request))
#53 /Users/omerfarukermis/Desktop/Insider/champions_league/champions-league/vendor/laravel/framework/src/Illuminate/Foundation/resources/server.php(16): require_once('/Users/omerfaru...')
#54 {main}
"} 
[2024-10-26 15:16:40] local.ERROR: Call to undefined method App\Models\League::mapInto() {"exception":"[object] (BadMethodCallException(code: 0): Call to undefined method App\\Models\\League::mapInto() at /Users/omerfarukermis/Desktop/Insider/champions_league/champions-league/vendor/laravel/framework/src/Illuminate/Support/Traits/ForwardsCalls.php:67)
[stacktrace]
#0 /Users/omerfarukermis/Desktop/Insider/champions_league/champions-league/vendor/laravel/framework/src/Illuminate/Support/Traits/ForwardsCalls.php(36): Illuminate\\Database\\Eloquent\\Model::throwBadMethodCallException('mapInto')
#1 /Users/omerfarukermis/Desktop/Insider/champions_league/champions-league/vendor/laravel/framework/src/Illuminate/Database/Eloquent/Model.php(2334): Illuminate\\Database\\Eloquent\\Model->forwardCallTo(Object(Illuminate\\Database\\Eloquent\\Builder), 'mapInto', Array)
#2 /Users/omerfarukermis/Desktop/Insider/champions_league/champions-league/vendor/laravel/framework/src/Illuminate/Http/Resources/CollectsResources.php(35): Illuminate\\Database\\Eloquent\\Model->__call('mapInto', Array)
#3 /Users/omerfarukermis/Desktop/Insider/champions_league/champions-league/vendor/laravel/framework/src/Illuminate/Http/Resources/Json/ResourceCollection.php(54): Illuminate\\Http\\Resources\\Json\\ResourceCollection->collectResource(Object(App\\Models\\League))
#4 /Users/omerfarukermis/Desktop/Insider/champions_league/champions-league/vendor/laravel/framework/src/Illuminate/Http/Resources/Json/AnonymousResourceCollection.php(32): Illuminate\\Http\\Resources\\Json\\ResourceCollection->__construct(Object(App\\Models\\League))
#5 /Users/omerfarukermis/Desktop/Insider/champions_league/champions-league/vendor/laravel/framework/src/Illuminate/Http/Resources/Json/JsonResource.php(96): Illuminate\\Http\\Resources\\Json\\AnonymousResourceCollection->__construct(Object(App\\Models\\League), 'App\\\\Http\\\\Resour...')
#6 /Users/omerfarukermis/Desktop/Insider/champions_league/champions-league/vendor/laravel/framework/src/Illuminate/Http/Resources/Json/JsonResource.php(81): Illuminate\\Http\\Resources\\Json\\JsonResource::newCollection(Object(App\\Models\\League))
#7 /Users/omerfarukermis/Desktop/Insider/champions_league/champions-league/app/Http/Resources/Fixture/FixtureResource.php(32): Illuminate\\Http\\Resources\\Json\\JsonResource::collection(Object(App\\Models\\League))
#8 /Users/omerfarukermis/Desktop/Insider/champions_league/champions-league/vendor/laravel/framework/src/Illuminate/Http/Resources/Json/JsonResource.php(107): App\\Http\\Resources\\Fixture\\FixtureResource->toArray(Object(Illuminate\\Http\\Request))
#9 /Users/omerfarukermis/Desktop/Insider/champions_league/champions-league/vendor/laravel/framework/src/Illuminate/Http/Resources/Json/JsonResource.php(254): Illuminate\\Http\\Resources\\Json\\JsonResource->resolve(Object(Illuminate\\Http\\Request))
#10 [internal function]: Illuminate\\Http\\Resources\\Json\\JsonResource->jsonSerialize()
#11 /Users/omerfarukermis/Desktop/Insider/champions_league/champions-league/vendor/laravel/framework/src/Illuminate/Http/JsonResponse.php(84): json_encode(Array, 0)
#12 /Users/omerfarukermis/Desktop/Insider/champions_league/champions-league/vendor/symfony/http-foundation/JsonResponse.php(49): Illuminate\\Http\\JsonResponse->setData(Array)
#13 /Users/omerfarukermis/Desktop/Insider/champions_league/champions-league/vendor/laravel/framework/src/Illuminate/Http/JsonResponse.php(32): Symfony\\Component\\HttpFoundation\\JsonResponse->__construct(Array, 200, Array, false)
#14 /Users/omerfarukermis/Desktop/Insider/champions_league/champions-league/vendor/laravel/framework/src/Illuminate/Routing/ResponseFactory.php(102): Illuminate\\Http\\JsonResponse->__construct(Array, 200, Array, 0)
#15 /Users/omerfarukermis/Desktop/Insider/champions_league/champions-league/vendor/laravel/framework/src/Illuminate/Http/Resources/Json/ResourceResponse.php(37): Illuminate\\Routing\\ResponseFactory->json(Array, 200, Array, 0)
#16 /Users/omerfarukermis/Desktop/Insider/champions_league/champions-league/vendor/laravel/framework/src/Illuminate/Http/Resources/Json/JsonResource.php(244): Illuminate\\Http\\Resources\\Json\\ResourceResponse->toResponse(Object(Illuminate\\Http\\Request))
#17 /Users/omerfarukermis/Desktop/Insider/champions_league/champions-league/vendor/laravel/framework/src/Illuminate/Http/Resources/Json/ResourceCollection.php(117): Illuminate\\Http\\Resources\\Json\\JsonResource->toResponse(Object(Illuminate\\Http\\Request))
#18 /Users/omerfarukermis/Desktop/Insider/champions_league/champions-league/vendor/laravel/framework/src/Illuminate/Routing/Router.php(900): Illuminate\\Http\\Resources\\Json\\ResourceCollection->toResponse(Object(Illuminate\\Http\\Request))
#19 /Users/omerfarukermis/Desktop/Insider/champions_league/champions-league/vendor/laravel/framework/src/Illuminate/Routing/Router.php(885): Illuminate\\Routing\\Router::toResponse(Object(Illuminate\\Http\\Request), Object(App\\Http\\Resources\\Fixture\\FixtureCollection))
#20 /Users/omerfarukermis/Desktop/Insider/champions_league/champions-league/vendor/laravel/framework/src/Illuminate/Routing/Router.php(805): Illuminate\\Routing\\Router->prepareResponse(Object(Illuminate\\Http\\Request), Object(App\\Http\\Resources\\Fixture\\FixtureCollection))
#21 /Users/omerfarukermis/Desktop/Insider/champions_league/champions-league/vendor/laravel/framework/src/Illuminate/Pipeline/Pipeline.php(144): Illuminate\\Routing\\Router->Illuminate\\Routing\\{closure}(Object(Illuminate\\Http\\Request))
#22 /Users/omerfarukermis/Desktop/Insider/champions_league/champions-league/vendor/laravel/framework/src/Illuminate/Routing/Middleware/SubstituteBindings.php(50): Illuminate\\Pipeline\\Pipeline->Illuminate\\Pipeline\\{closure}(Object(Illuminate\\Http\\Request))
#23 /Users/omerfarukermis/Desktop/Insider/champions_league/champions-league/vendor/laravel/framework/src/Illuminate/Pipeline/Pipeline.php(183): Illuminate\\Routing\\Middleware\\SubstituteBindings->handle(Object(Illuminate\\Http\\Request), Object(Closure))
#24 /Users/omerfarukermis/Desktop/Insider/champions_league/champions-league/vendor/laravel/framework/src/Illuminate/Routing/Middleware/ThrottleRequests.php(159): Illuminate\\Pipeline\\Pipeline->Illuminate\\Pipeline\\{closure}(Object(Illuminate\\Http\\Request))
#25 /Users/omerfarukermis/Desktop/Insider/champions_league/champions-league/vendor/laravel/framework/src/Illuminate/Routing/Middleware/ThrottleRequests.php(125): Illuminate\\Routing\\Middleware\\ThrottleRequests->handleRequest(Object(Illuminate\\Http\\Request), Object(Closure), Array)
#26 /Users/omerfarukermis/Desktop/Insider/champions_league/champions-league/vendor/laravel/framework/src/Illuminate/Routing/Middleware/ThrottleRequests.php(87): Illuminate\\Routing\\Middleware\\ThrottleRequests->handleRequestUsingNamedLimiter(Object(Illuminate\\Http\\Request), Object(Closure), 'api', Object(Closure))
#27 /Users/omerfarukermis/Desktop/Insider/champions_league/champions-league/vendor/laravel/framework/src/Illuminate/Pipeline/Pipeline.php(183): Illuminate\\Routing\\Middleware\\ThrottleRequests->handle(Object(Illuminate\\Http\\Request), Object(Closure), 'api')
#28 /Users/omerfarukermis/Desktop/Insider/champions_league/champions-league/vendor/laravel/framework/src/Illuminate/Pipeline/Pipeline.php(119): Illuminate\\Pipeline\\Pipeline->Illuminate\\Pipeline\\{closure}(Object(Illuminate\\Http\\Request))
#29 /Users/omerfarukermis/Desktop/Insider/champions_league/champions-league/vendor/laravel/framework/src/Illuminate/Routing/Router.php(805): Illuminate\\Pipeline\\Pipeline->then(Object(Closure))
#30 /Users/omerfarukermis/Desktop/Insider/champions_league/champions-league/vendor/laravel/framework/src/Illuminate/Routing/Router.php(784): Illuminate\\Routing\\Router->runRouteWithinStack(Object(Illuminate\\Routing\\Route), Object(Illuminate\\Http\\Request))
#31 /Users/omerfarukermis/Desktop/Insider/champions_league/champions-league/vendor/laravel/framework/src/Illuminate/Routing/Router.php(748): Illuminate\\Routing\\Router->runRoute(Object(Illuminate\\Http\\Request), Object(Illuminate\\Routing\\Route))
#32 /Users/omerfarukermis/Desktop/Insider/champions_league/champions-league/vendor/laravel/framework/src/Illuminate/Routing/Router.php(737): Illuminate\\Routing\\Router->dispatchToRoute(Object(Illuminate\\Http\\Request))
#33 /Users/omerfarukermis/Desktop/Insider/champions_league/champions-league/vendor/laravel/framework/src/Illuminate/Foundation/Http/Kernel.php(200): Illuminate\\Routing\\Router->dispatch(Object(Illuminate\\Http\\Request))
#34 /Users/omerfarukermis/Desktop/Insider/champions_league/champions-league/vendor/laravel/framework/src/Illuminate/Pipeline/Pipeline.php(144): Illuminate\\Foundation\\Http\\Kernel->Illuminate\\Foundation\\Http\\{closure}(Object(Illuminate\\Http\\Request))
#35 /Users/omerfarukermis/Desktop/Insider/champions_league/champions-league/vendor/laravel/framework/src/Illuminate/Foundation/Http/Middleware/TransformsRequest.php(21): Illuminate\\Pipeline\\Pipeline->Illuminate\\Pipeline\\{closure}(Object(Illuminate\\Http\\Request))
#36 /Users/omerfarukermis/Desktop/Insider/champions_league/champions-league/vendor/laravel/framework/src/Illuminate/Foundation/Http/Middleware/ConvertEmptyStringsToNull.php(31): Illuminate\\Foundation\\Http\\Middleware\\TransformsRequest->handle(Object(Illuminate\\Http\\Request), Object(Closure))
#37 /Users/omerfarukermis/Desktop/Insider/champions_league/champions-league/vendor/laravel/framework/src/Illuminate/Pipeline/Pipeline.php(183): Illuminate\\Foundation\\Http\\Middleware\\ConvertEmptyStringsToNull->handle(Object(Illuminate\\Http\\Request), Object(Closure))
#38 /Users/omerfarukermis/Desktop/Insider/champions_league/champions-league/vendor/laravel/framework/src/Illuminate/Foundation/Http/Middleware/TransformsRequest.php(21): Illuminate\\Pipeline\\Pipeline->Illuminate\\Pipeline\\{closure}(Object(Illuminate\\Http\\Request))
#39 /Users/omerfarukermis/Desktop/Insider/champions_league/champions-league/vendor/laravel/framework/src/Illuminate/Foundation/Http/Middleware/TrimStrings.php(40): Illuminate\\Foundation\\Http\\Middleware\\TransformsRequest->handle(Object(Illuminate\\Http\\Request), Object(Closure))
#40 /Users/omerfarukermis/Desktop/Insider/champions_league/champions-league/vendor/laravel/framework/src/Illuminate/Pipeline/Pipeline.php(183): Illuminate\\Foundation\\Http\\Middleware\\TrimStrings->handle(Object(Illuminate\\Http\\Request), Object(Closure))
#41 /Users/omerfarukermis/Desktop/Insider/champions_league/champions-league/vendor/laravel/framework/src/Illuminate/Foundation/Http/Middleware/ValidatePostSize.php(27): Illuminate\\Pipeline\\Pipeline->Illuminate\\Pipeline\\{closure}(Object(Illuminate\\Http\\Request))
#42 /Users/omerfarukermis/Desktop/Insider/champions_league/champions-league/vendor/laravel/framework/src/Illuminate/Pipeline/Pipeline.php(183): Illuminate\\Foundation\\Http\\Middleware\\ValidatePostSize->handle(Object(Illuminate\\Http\\Request), Object(Closure))
#43 /Users/omerfarukermis/Desktop/Insider/champions_league/champions-league/vendor/laravel/framework/src/Illuminate/Foundation/Http/Middleware/PreventRequestsDuringMaintenance.php(99): Illuminate\\Pipeline\\Pipeline->Illuminate\\Pipeline\\{closure}(Object(Illuminate\\Http\\Request))
#44 /Users/omerfarukermis/Desktop/Insider/champions_league/champions-league/vendor/laravel/framework/src/Illuminate/Pipeline/Pipeline.php(183): Illuminate\\Foundation\\Http\\Middleware\\PreventRequestsDuringMaintenance->handle(Object(Illuminate\\Http\\Request), Object(Closure))
#45 /Users/omerfarukermis/Desktop/Insider/champions_league/champions-league/vendor/laravel/framework/src/Illuminate/Http/Middleware/HandleCors.php(62): Illuminate\\Pipeline\\Pipeline->Illuminate\\Pipeline\\{closure}(Object(Illuminate\\Http\\Request))
#46 /Users/omerfarukermis/Desktop/Insider/champions_league/champions-league/vendor/laravel/framework/src/Illuminate/Pipeline/Pipeline.php(183): Illuminate\\Http\\Middleware\\HandleCors->handle(Object(Illuminate\\Http\\Request), Object(Closure))
#47 /Users/omerfarukermis/Desktop/Insider/champions_league/champions-league/vendor/laravel/framework/src/Illuminate/Http/Middleware/TrustProxies.php(39): Illuminate\\Pipeline\\Pipeline->Illuminate\\Pipeline\\{closure}(Object(Illuminate\\Http\\Request))
#48 /Users/omerfarukermis/Desktop/Insider/champions_league/champions-league/vendor/laravel/framework/src/Illuminate/Pipeline/Pipeline.php(183): Illuminate\\Http\\Middleware\\TrustProxies->handle(Object(Illuminate\\Http\\Request), Object(Closure))
#49 /Users/omerfarukermis/Desktop/Insider/champions_league/champions-league/vendor/laravel/framework/src/Illuminate/Pipeline/Pipeline.php(119): Illuminate\\Pipeline\\Pipeline->Illuminate\\Pipeline\\{closure}(Object(Illuminate\\Http\\Request))
#50 /Users/omerfarukermis/Desktop/Insider/champions_league/champions-league/vendor/laravel/framework/src/Illuminate/Foundation/Http/Kernel.php(175): Illuminate\\Pipeline\\Pipeline->then(Object(Closure))
#51 /Users/omerfarukermis/Desktop/Insider/champions_league/champions-league/vendor/laravel/framework/src/Illuminate/Foundation/Http/Kernel.php(144): Illuminate\\Foundation\\Http\\Kernel->sendRequestThroughRouter(Object(Illuminate\\Http\\Request))
#52 /Users/omerfarukermis/Desktop/Insider/champions_league/champions-league/public/index.php(51): Illuminate\\Foundation\\Http\\Kernel->handle(Object(Illuminate\\Http\\Request))
#53 /Users/omerfarukermis/Desktop/Insider/champions_league/champions-league/vendor/laravel/framework/src/Illuminate/Foundation/resources/server.php(16): require_once('/Users/omerfaru...')
#54 {main}
"} 
